<?xml version="1.0" encoding="UTF-8"?>
<!-- Generated by org.testng.reporters.JUnitReportReporter -->
<testsuite skipped="0" hostname="Mds-MacBook-Pro" name="com.usa.Myrunner.Zooplarunner" tests="1" failures="0" timestamp="18 Apr 2020 02:41:28 GMT" time="24.925" errors="0">
  <testcase name="feature" time="24.925" classname="com.usa.Myrunner.Zooplarunner"/>
</testsuite> <!-- com.usa.Myrunner.Zooplarunner -->
