<?xml version="1.0" encoding="UTF-8"?>
<!-- Generated by org.testng.reporters.JUnitReportReporter -->
<testsuite skipped="0" hostname="Mds-MacBook-Pro" name="com.usa.Myrunner.Zooplarunner" tests="1" failures="0" timestamp="03 May 2020 19:45:48 GMT" time="21.112" errors="0">
  <testcase name="feature" time="21.112" classname="com.usa.Myrunner.Zooplarunner"/>
</testsuite> <!-- com.usa.Myrunner.Zooplarunner -->
