<?xml version="1.0" encoding="UTF-8"?>
<!-- Generated by org.testng.reporters.JUnitReportReporter -->
<testsuite skipped="0" hostname="Mds-MacBook-Pro" name="com.usa.Myrunner.Zooplarunner" tests="1" failures="0" timestamp="30 Apr 2020 02:07:11 GMT" time="23.103" errors="0">
  <testcase name="feature" time="23.103" classname="com.usa.Myrunner.Zooplarunner"/>
</testsuite> <!-- com.usa.Myrunner.Zooplarunner -->
